[35m[Appium][39m Welcome to Appium v1.22.3
[35m[Appium][39m Non-default server args:
[35m[Appium][39m   port: 60681
[35m[Appium][39m   loglevel: info
[35m[Appium][39m   tmpDir: C:\Users\iqbal\AppData\Local\Temp\\Katalon\Appium\Temp1695147701422
[35m[Appium][39m   chromedriverPort: 60685
[35m[Appium][39m Deprecated server args:
[35m[Appium][39m   [31m--chromedriver-port[39m => --default-capabilities
[35m[Appium][39m Default capabilities, which will be added to each request unless overridden by desired capabilities:
[35m[Appium][39m   chromedriverPort: 60685
[35m[Appium][39m Appium REST http interface listener started on 0.0.0.0:60681
[35m[HTTP][39m [37m-->[39m [37mGET[39m [37m/wd/hub/status[39m
[35m[HTTP][39m [90m{}[39m
[35m[HTTP][39m [37m<-- GET /wd/hub/status [39m[32m200[39m [90m10 ms - 68[39m
[35m[HTTP][39m [90m[39m
[35m[HTTP][39m [37m-->[39m [37mGET[39m [37m/wd/hub/status[39m
[35m[HTTP][39m [90m{}[39m
[35m[HTTP][39m [37m<-- GET /wd/hub/status [39m[32m200[39m [90m2 ms - 68[39m
[35m[HTTP][39m [90m[39m
[35m[HTTP][39m [37m-->[39m [37mPOST[39m [37m/wd/hub/session[39m
[35m[HTTP][39m [90m{"desiredCapabilities":{"appActivity":".Settings","appPackage":"com.android.settings","newCommandTimeout":1800,"platformVersion":"10","automationName":"uiautomator2","autoGrantPermissions":true,"platformName":"Android","udid":"emulator-5554","deviceName":"emulator-5554 (Android SDK built for x86 - Android 10)","platform":"ANDROID","systemPort":8284},"capabilities":{"firstMatch":[{"appium:appActivity":".Settings","appium:appPackage":"com.android.settings","appium:autoGrantPermissions":true,"appium:automationName":"uiautomator2","appium:deviceName":"emulator-5554 (Android SDK built for x86 - Android 10)","appium:newCommandTimeout":1800,"platform":"ANDROID","platformName":"android","appium:platformVersion":"10","appium:systemPort":8284,"appium:udid":"emulator-5554"}]}}[39m
[35m[BaseDriver][39m The following capabilities are not standard capabilities and should have an extension prefix:
[35m[BaseDriver][39m   platform
[35m[BaseDriver][39m   chromedriverPort
[35m[Appium][39m Appium v1.22.3 creating new AndroidUiautomator2Driver (v1.70.1) session
[35m[BaseDriver][39m The following capabilities were provided, but are not recognized by Appium:
[35m[BaseDriver][39m   platform
[35m[BaseDriver][39m Session created with session id: 698b896a-01c3-4d07-8dd7-297ce45ff86b
[35m[UiAutomator2][39m Starting 'com.android.settings' directly on the device
[35m[ADB][39m Found 6 'build-tools' folders under 'C:\Users\iqbal\AppData\Local\Android\Sdk' (newest first):
[35m[ADB][39m     C:/Users/iqbal/AppData/Local/Android/Sdk/build-tools/32.1.0-rc1
[35m[ADB][39m     C:/Users/iqbal/AppData/Local/Android/Sdk/build-tools/32.0.0
[35m[ADB][39m     C:/Users/iqbal/AppData/Local/Android/Sdk/build-tools/30.0.2
[35m[ADB][39m     C:/Users/iqbal/AppData/Local/Android/Sdk/build-tools/30.0.0
[35m[ADB][39m     C:/Users/iqbal/AppData/Local/Android/Sdk/build-tools/29.0.3
[35m[ADB][39m     C:/Users/iqbal/AppData/Local/Android/Sdk/build-tools/29.0.2
[35m[ADB][39m Using 'adb.exe' from 'C:\Users\iqbal\AppData\Local\Android\Sdk\platform-tools\adb.exe'
[35m[AndroidDriver][39m Retrieving device list
[35m[AndroidDriver][39m Using device: emulator-5554
[35m[ADB][39m Using 'adb.exe' from 'C:\Users\iqbal\AppData\Local\Android\Sdk\platform-tools\adb.exe'
[35m[ADB][39m Getting device platform version
[35m[UiAutomator2][39m Relaxing hidden api policy
[35m[AndroidDriver][39m No app sent in, not parsing package/activity
[35m[ADB][39m Using 'apksigner.jar' from 'C:\Users\iqbal\AppData\Local\Android\Sdk\build-tools\32.1.0-rc1\lib\apksigner.jar'
[35m[ADB][39m 'C:\Users\iqbal\AppData\Roaming\npm\node_modules\appium\node_modules\appium-uiautomator2-server\apks\appium-uiautomator2-server-v4.27.0.apk' is signed with the default certificate
[35m[ADB][39m 'C:\Users\iqbal\AppData\Roaming\npm\node_modules\appium\node_modules\appium-uiautomator2-server\apks\appium-uiautomator2-server-debug-androidTest.apk' is signed with the default certificate
[35m[UiAutomator2][39m Server packages are not going to be (re)installed
[35m[ADB][39m Adding packages ["io.appium.settings","io.appium.uiautomator2.server","io.appium.uiautomator2.server.test"] to Doze whitelist
[35m[UiAutomator2][39m Starting UIAutomator2 server 4.27.0
[35m[UiAutomator2][39m Using UIAutomator2 server from 'C:\Users\iqbal\AppData\Roaming\npm\node_modules\appium\node_modules\appium-uiautomator2-server\apks\appium-uiautomator2-server-v4.27.0.apk' and test from 'C:\Users\iqbal\AppData\Roaming\npm\node_modules\appium\node_modules\appium-uiautomator2-server\apks\appium-uiautomator2-server-debug-androidTest.apk'
[35m[UiAutomator2][39m Waiting up to 30000ms for UiAutomator2 to be online...
[35m[WD Proxy][39m socket hang up
[35m[WD Proxy][39m socket hang up
[35m[WD Proxy][39m socket hang up
[35m[WD Proxy][39m Determined the downstream protocol as 'W3C'
[35m[AndroidDriver][39m Screen already unlocked, doing nothing
[35m[UiAutomator2][39m Starting 'com.android.settings/.Settings and waiting for 'com.android.settings/.Settings'
[35m[Appium][39m New AndroidUiautomator2Driver session created successfully, session 698b896a-01c3-4d07-8dd7-297ce45ff86b added to master session list
[35m[HTTP][39m [37m<-- POST /wd/hub/session [39m[32m200[39m [90m10397 ms - 1207[39m
[35m[HTTP][39m [90m[39m
[35m[HTTP][39m [37m-->[39m [37mGET[39m [37m/wd/hub/session/698b896a-01c3-4d07-8dd7-297ce45ff86b[39m
[35m[HTTP][39m [90m{}[39m
[35m[HTTP][39m [37m<-- GET /wd/hub/session/698b896a-01c3-4d07-8dd7-297ce45ff86b [39m[32m200[39m [90m14 ms - 1161[39m
[35m[HTTP][39m [90m[39m
[35m[HTTP][39m [37m-->[39m [37mGET[39m [37m/wd/hub/session/698b896a-01c3-4d07-8dd7-297ce45ff86b[39m
[35m[HTTP][39m [90m{}[39m
[35m[HTTP][39m [37m<-- GET /wd/hub/session/698b896a-01c3-4d07-8dd7-297ce45ff86b [39m[32m200[39m [90m17 ms - 1161[39m
[35m[HTTP][39m [90m[39m
[35m[HTTP][39m [37m-->[39m [37mGET[39m [37m/wd/hub/status[39m
[35m[HTTP][39m [90m{}[39m
[35m[HTTP][39m [37m<-- GET /wd/hub/status [39m[32m200[39m [90m1 ms - 68[39m
[35m[HTTP][39m [90m[39m
[35m[HTTP][39m [37m-->[39m [37mPOST[39m [37m/wd/hub/session/698b896a-01c3-4d07-8dd7-297ce45ff86b/timeouts[39m
[35m[HTTP][39m [90m{"implicit":60000}[39m
[35m[HTTP][39m [37m<-- POST /wd/hub/session/698b896a-01c3-4d07-8dd7-297ce45ff86b/timeouts [39m[32m200[39m [90m5 ms - 14[39m
[35m[HTTP][39m [90m[39m
[35m[HTTP][39m [37m-->[39m [37mGET[39m [37m/wd/hub/session/698b896a-01c3-4d07-8dd7-297ce45ff86b/screenshot[39m
[35m[HTTP][39m [90m{}[39m
[35m[HTTP][39m [37m<-- GET /wd/hub/session/698b896a-01c3-4d07-8dd7-297ce45ff86b/screenshot [39m[32m200[39m [90m653 ms - 95350[39m
[35m[HTTP][39m [90m[39m
[35m[HTTP][39m [37m-->[39m [37mGET[39m [37m/wd/hub/session/698b896a-01c3-4d07-8dd7-297ce45ff86b/window/rect[39m
[35m[HTTP][39m [90m{}[39m
[35m[HTTP][39m [37m<-- GET /wd/hub/session/698b896a-01c3-4d07-8dd7-297ce45ff86b/window/rect [39m[32m200[39m [90m33 ms - 50[39m
[35m[HTTP][39m [90m[39m
[35m[HTTP][39m [37m-->[39m [37mGET[39m [37m/wd/hub/session/698b896a-01c3-4d07-8dd7-297ce45ff86b/appium/device/system_bars[39m
[35m[HTTP][39m [90m{}[39m
[35m[HTTP][39m [37m<-- GET /wd/hub/session/698b896a-01c3-4d07-8dd7-297ce45ff86b/appium/device/system_bars [39m[32m200[39m [90m185 ms - 148[39m
[35m[HTTP][39m [90m[39m
[35m[HTTP][39m [37m-->[39m [37mPOST[39m [37m/wd/hub/session/698b896a-01c3-4d07-8dd7-297ce45ff86b/appium/device/activate_app[39m
[35m[HTTP][39m [90m{"bundleId":"com.kasirajaandroid"}[39m
[35m[HTTP][39m [37m<-- POST /wd/hub/session/698b896a-01c3-4d07-8dd7-297ce45ff86b/appium/device/activate_app [39m[32m200[39m [90m644 ms - 14[39m
[35m[HTTP][39m [90m[39m
[35m[HTTP][39m [37m-->[39m [37mGET[39m [37m/wd/hub/session/698b896a-01c3-4d07-8dd7-297ce45ff86b/source[39m
[35m[HTTP][39m [90m{}[39m
[35m[W3C (698b896a)][39m Driver proxy active, passing request on via HTTP proxy
[35m[WD Proxy][39m Replacing sessionId f532cc43-23c1-4754-a831-90471379c53d with 698b896a-01c3-4d07-8dd7-297ce45ff86b
[35m[HTTP][39m [37m<-- GET /wd/hub/session/698b896a-01c3-4d07-8dd7-297ce45ff86b/source [39m[32m200[39m [90m781 ms - 15653[39m
[35m[HTTP][39m [90m[39m
[35m[HTTP][39m [37m-->[39m [37mGET[39m [37m/wd/hub/session/698b896a-01c3-4d07-8dd7-297ce45ff86b/screenshot[39m
[35m[HTTP][39m [90m{}[39m
[35m[HTTP][39m [37m<-- GET /wd/hub/session/698b896a-01c3-4d07-8dd7-297ce45ff86b/screenshot [39m[32m200[39m [90m549 ms - 84364[39m
[35m[HTTP][39m [90m[39m
[35m[HTTP][39m [37m-->[39m [37mPOST[39m [37m/wd/hub/session/698b896a-01c3-4d07-8dd7-297ce45ff86b/elements[39m
[35m[HTTP][39m [90m{"using":"xpath","value":"//*[@class = 'android.widget.TextView' and (@text = 'Logout' or . = 'Logout')]"}[39m
[35m[HTTP][39m [37m<-- POST /wd/hub/session/698b896a-01c3-4d07-8dd7-297ce45ff86b/elements [39m[32m200[39m [90m625 ms - 139[39m
[35m[HTTP][39m [90m[39m
[35m[HTTP][39m [37m-->[39m [37mGET[39m [37m/wd/hub/session/698b896a-01c3-4d07-8dd7-297ce45ff86b/window/rect[39m
[35m[HTTP][39m [90m{}[39m
[35m[HTTP][39m [37m<-- GET /wd/hub/session/698b896a-01c3-4d07-8dd7-297ce45ff86b/window/rect [39m[32m200[39m [90m14 ms - 50[39m
[35m[HTTP][39m [90m[39m
[35m[HTTP][39m [37m-->[39m [37mPOST[39m [37m/wd/hub/session/698b896a-01c3-4d07-8dd7-297ce45ff86b/elements[39m
[35m[HTTP][39m [90m{"using":"xpath","value":"//*[@class = 'android.widget.TextView' and (@text = 'Logout' or . = 'Logout')]"}[39m
[35m[HTTP][39m [37m<-- POST /wd/hub/session/698b896a-01c3-4d07-8dd7-297ce45ff86b/elements [39m[32m200[39m [90m82 ms - 139[39m
[35m[HTTP][39m [90m[39m
[35m[HTTP][39m [37m-->[39m [37mGET[39m [37m/wd/hub/session/698b896a-01c3-4d07-8dd7-297ce45ff86b/element/00000000-0000-014c-ffff-ffff00000091/location[39m
[35m[HTTP][39m [90m{}[39m
[35m[W3C (698b896a)][39m Driver proxy active, passing request on via HTTP proxy
[35m[WD Proxy][39m Replacing sessionId f532cc43-23c1-4754-a831-90471379c53d with 698b896a-01c3-4d07-8dd7-297ce45ff86b
[35m[HTTP][39m [37m<-- GET /wd/hub/session/698b896a-01c3-4d07-8dd7-297ce45ff86b/element/00000000-0000-014c-ffff-ffff00000091/location [39m[32m200[39m [90m17 ms - 78[39m
[35m[HTTP][39m [90m[39m
[35m[HTTP][39m [37m-->[39m [37mPOST[39m [37m/wd/hub/session/698b896a-01c3-4d07-8dd7-297ce45ff86b/element/00000000-0000-014c-ffff-ffff00000091/click[39m
[35m[HTTP][39m [90m{"id":"00000000-0000-014c-ffff-ffff00000091"}[39m
[35m[HTTP][39m [37m<-- POST /wd/hub/session/698b896a-01c3-4d07-8dd7-297ce45ff86b/element/00000000-0000-014c-ffff-ffff00000091/click [39m[32m200[39m [90m82 ms - 14[39m
[35m[HTTP][39m [90m[39m
[35m[HTTP][39m [37m-->[39m [37mGET[39m [37m/wd/hub/session/698b896a-01c3-4d07-8dd7-297ce45ff86b/source[39m
[35m[HTTP][39m [90m{}[39m
[35m[W3C (698b896a)][39m Driver proxy active, passing request on via HTTP proxy
[35m[WD Proxy][39m Replacing sessionId f532cc43-23c1-4754-a831-90471379c53d with 698b896a-01c3-4d07-8dd7-297ce45ff86b
[35m[HTTP][39m [37m<-- GET /wd/hub/session/698b896a-01c3-4d07-8dd7-297ce45ff86b/source [39m[32m200[39m [90m589 ms - 7248[39m
[35m[HTTP][39m [90m[39m
[35m[HTTP][39m [37m-->[39m [37mGET[39m [37m/wd/hub/session/698b896a-01c3-4d07-8dd7-297ce45ff86b/screenshot[39m
[35m[HTTP][39m [90m{}[39m
[35m[HTTP][39m [37m<-- GET /wd/hub/session/698b896a-01c3-4d07-8dd7-297ce45ff86b/screenshot [39m[32m200[39m [90m684 ms - 85546[39m
[35m[HTTP][39m [90m[39m
[35m[HTTP][39m [37m-->[39m [37mPOST[39m [37m/wd/hub/session/698b896a-01c3-4d07-8dd7-297ce45ff86b/elements[39m
[35m[HTTP][39m [90m{"using":"xpath","value":"//*[@class = 'android.widget.TextView' and (@text = 'Ya' or . = 'Ya')]"}[39m
[35m[HTTP][39m [37m<-- POST /wd/hub/session/698b896a-01c3-4d07-8dd7-297ce45ff86b/elements [39m[32m200[39m [90m88 ms - 139[39m
[35m[HTTP][39m [90m[39m
[35m[HTTP][39m [37m-->[39m [37mGET[39m [37m/wd/hub/session/698b896a-01c3-4d07-8dd7-297ce45ff86b/window/rect[39m
[35m[HTTP][39m [90m{}[39m
[35m[HTTP][39m [37m<-- GET /wd/hub/session/698b896a-01c3-4d07-8dd7-297ce45ff86b/window/rect [39m[32m200[39m [90m11 ms - 50[39m
[35m[HTTP][39m [90m[39m
[35m[HTTP][39m [37m-->[39m [37mPOST[39m [37m/wd/hub/session/698b896a-01c3-4d07-8dd7-297ce45ff86b/elements[39m
[35m[HTTP][39m [90m{"using":"xpath","value":"//*[@class = 'android.widget.TextView' and (@text = 'Ya' or . = 'Ya')]"}[39m
[35m[HTTP][39m [37m<-- POST /wd/hub/session/698b896a-01c3-4d07-8dd7-297ce45ff86b/elements [39m[32m200[39m [90m59 ms - 139[39m
[35m[HTTP][39m [90m[39m
[35m[HTTP][39m [37m-->[39m [37mGET[39m [37m/wd/hub/session/698b896a-01c3-4d07-8dd7-297ce45ff86b/element/00000000-0000-0152-ffff-ffff000000a8/location[39m
[35m[HTTP][39m [90m{}[39m
[35m[W3C (698b896a)][39m Driver proxy active, passing request on via HTTP proxy
[35m[WD Proxy][39m Replacing sessionId f532cc43-23c1-4754-a831-90471379c53d with 698b896a-01c3-4d07-8dd7-297ce45ff86b
[35m[HTTP][39m [37m<-- GET /wd/hub/session/698b896a-01c3-4d07-8dd7-297ce45ff86b/element/00000000-0000-0152-ffff-ffff000000a8/location [39m[32m200[39m [90m14 ms - 78[39m
[35m[HTTP][39m [90m[39m
[35m[HTTP][39m [37m-->[39m [37mPOST[39m [37m/wd/hub/session/698b896a-01c3-4d07-8dd7-297ce45ff86b/element/00000000-0000-0152-ffff-ffff000000a8/click[39m
[35m[HTTP][39m [90m{"id":"00000000-0000-0152-ffff-ffff000000a8"}[39m
[35m[HTTP][39m [37m<-- POST /wd/hub/session/698b896a-01c3-4d07-8dd7-297ce45ff86b/element/00000000-0000-0152-ffff-ffff000000a8/click [39m[32m200[39m [90m59 ms - 14[39m
[35m[HTTP][39m [90m[39m
[35m[HTTP][39m [37m-->[39m [37mGET[39m [37m/wd/hub/session/698b896a-01c3-4d07-8dd7-297ce45ff86b/source[39m
[35m[HTTP][39m [90m{}[39m
[35m[W3C (698b896a)][39m Driver proxy active, passing request on via HTTP proxy
[35m[WD Proxy][39m Replacing sessionId f532cc43-23c1-4754-a831-90471379c53d with 698b896a-01c3-4d07-8dd7-297ce45ff86b
[35m[HTTP][39m [37m<-- GET /wd/hub/session/698b896a-01c3-4d07-8dd7-297ce45ff86b/source [39m[32m200[39m [90m375 ms - 12651[39m
[35m[HTTP][39m [90m[39m
[35m[HTTP][39m [37m-->[39m [37mGET[39m [37m/wd/hub/session/698b896a-01c3-4d07-8dd7-297ce45ff86b/screenshot[39m
[35m[HTTP][39m [90m{}[39m
[35m[HTTP][39m [37m<-- GET /wd/hub/session/698b896a-01c3-4d07-8dd7-297ce45ff86b/screenshot [39m[32m200[39m [90m563 ms - 73764[39m
[35m[HTTP][39m [90m[39m
[35m[HTTP][39m [37m-->[39m [37mPOST[39m [37m/wd/hub/session/698b896a-01c3-4d07-8dd7-297ce45ff86b/elements[39m
[35m[HTTP][39m [90m{"using":"xpath","value":"//*[@class = 'android.widget.TextView' and (@text = 'kasirAja' or . = 'kasirAja')]"}[39m
[35m[HTTP][39m [37m<-- POST /wd/hub/session/698b896a-01c3-4d07-8dd7-297ce45ff86b/elements [39m[32m200[39m [90m96 ms - 139[39m
[35m[HTTP][39m [90m[39m
[35m[HTTP][39m [37m-->[39m [37mGET[39m [37m/wd/hub/session/698b896a-01c3-4d07-8dd7-297ce45ff86b/window/rect[39m
[35m[HTTP][39m [90m{}[39m
[35m[HTTP][39m [37m<-- GET /wd/hub/session/698b896a-01c3-4d07-8dd7-297ce45ff86b/window/rect [39m[32m200[39m [90m13 ms - 50[39m
[35m[HTTP][39m [90m[39m
[35m[HTTP][39m [37m-->[39m [37mPOST[39m [37m/wd/hub/session/698b896a-01c3-4d07-8dd7-297ce45ff86b/elements[39m
[35m[HTTP][39m [90m{"using":"xpath","value":"//*[@class = 'android.widget.TextView' and (@text = 'kasirAja' or . = 'kasirAja')]"}[39m
[35m[HTTP][39m [37m<-- POST /wd/hub/session/698b896a-01c3-4d07-8dd7-297ce45ff86b/elements [39m[32m200[39m [90m90 ms - 139[39m
[35m[HTTP][39m [90m[39m
[35m[HTTP][39m [37m-->[39m [37mGET[39m [37m/wd/hub/session/698b896a-01c3-4d07-8dd7-297ce45ff86b/element/00000000-0000-014c-ffff-ffff000000af/location[39m
[35m[HTTP][39m [90m{}[39m
[35m[W3C (698b896a)][39m Driver proxy active, passing request on via HTTP proxy
[35m[WD Proxy][39m Replacing sessionId f532cc43-23c1-4754-a831-90471379c53d with 698b896a-01c3-4d07-8dd7-297ce45ff86b
[35m[HTTP][39m [37m<-- GET /wd/hub/session/698b896a-01c3-4d07-8dd7-297ce45ff86b/element/00000000-0000-014c-ffff-ffff000000af/location [39m[32m200[39m [90m15 ms - 78[39m
[35m[HTTP][39m [90m[39m
[35m[HTTP][39m [37m-->[39m [37mGET[39m [37m/wd/hub/session/698b896a-01c3-4d07-8dd7-297ce45ff86b/element/00000000-0000-014c-ffff-ffff000000af/text[39m
[35m[HTTP][39m [90m{}[39m
[35m[W3C (698b896a)][39m Driver proxy active, passing request on via HTTP proxy
[35m[WD Proxy][39m Replacing sessionId f532cc43-23c1-4754-a831-90471379c53d with 698b896a-01c3-4d07-8dd7-297ce45ff86b
[35m[HTTP][39m [37m<-- GET /wd/hub/session/698b896a-01c3-4d07-8dd7-297ce45ff86b/element/00000000-0000-014c-ffff-ffff000000af/text [39m[32m200[39m [90m13 ms - 71[39m
[35m[HTTP][39m [90m[39m
[35m[HTTP][39m [37m-->[39m [37mGET[39m [37m/wd/hub/session/698b896a-01c3-4d07-8dd7-297ce45ff86b/source[39m
[35m[HTTP][39m [90m{}[39m
[35m[W3C (698b896a)][39m Driver proxy active, passing request on via HTTP proxy
[35m[WD Proxy][39m Replacing sessionId f532cc43-23c1-4754-a831-90471379c53d with 698b896a-01c3-4d07-8dd7-297ce45ff86b
[35m[HTTP][39m [37m<-- GET /wd/hub/session/698b896a-01c3-4d07-8dd7-297ce45ff86b/source [39m[32m200[39m [90m181 ms - 12651[39m
[35m[HTTP][39m [90m[39m
[35m[HTTP][39m [37m-->[39m [37mGET[39m [37m/wd/hub/session/698b896a-01c3-4d07-8dd7-297ce45ff86b/screenshot[39m
[35m[HTTP][39m [90m{}[39m
[35m[HTTP][39m [37m<-- GET /wd/hub/session/698b896a-01c3-4d07-8dd7-297ce45ff86b/screenshot [39m[32m200[39m [90m513 ms - 73764[39m
[35m[HTTP][39m [90m[39m
[35m[HTTP][39m [37m-->[39m [37mDELETE[39m [37m/wd/hub/session/698b896a-01c3-4d07-8dd7-297ce45ff86b[39m
[35m[HTTP][39m [90m{}[39m
[35m[Appium][39m Removing session 698b896a-01c3-4d07-8dd7-297ce45ff86b from our master session list
[35m[UiAutomator2][39m Restoring hidden api policy to the device default configuration
